<?xml version="1.0" encoding="UTF-8"?>
<!-- Generated by org.testng.reporters.JUnitReportReporter -->
<testsuite skipped="0" hostname="BANL1591584af-RaviG.local" name="com.rest.employee.PUT.PUT_MULTIPLE_UPDATE" tests="1" failures="0" timestamp="06 Dec 2017 07:04:48 GMT" time="0.820" errors="0">
  <testcase name="putByID" time="0.820" classname="com.rest.employee.PUT.PUT_MULTIPLE_UPDATE"/>
</testsuite> <!-- com.rest.employee.PUT.PUT_MULTIPLE_UPDATE -->
