<?xml version="1.0" encoding="UTF-8"?>
<!-- Generated by org.testng.reporters.JUnitReportReporter -->
<testsuite skipped="0" hostname="BANL1591584af-RaviG.local" name="com.rest.employee.DELETE.DeleteByID" tests="2" failures="0" timestamp="06 Dec 2017 06:55:44 GMT" time="0.835" errors="0">
  <testcase name="deleteEmployeeByID" time="0.815" classname="com.rest.employee.DELETE.DeleteByID"/>
  <testcase name="deleteEmployeeByLastName" time="0.020" classname="com.rest.employee.DELETE.DeleteByID"/>
</testsuite> <!-- com.rest.employee.DELETE.DeleteByID -->
