<?xml version="1.0" encoding="UTF-8"?>
<!-- Generated by org.testng.reporters.JUnitReportReporter -->
<testsuite skipped="0" hostname="BANL1591584af-RaviG.local" name="com.country.state.GET.GETTestUsingCountryAndStates" tests="4" failures="0" timestamp="05 Dec 2017 08:57:12 GMT" time="5.797" errors="0">
  <testcase name="searchUsingParamOption" time="1.159" classname="com.country.state.GET.GETTestUsingCountryAndStates"/>
  <testcase name="searchOneState" time="1.029" classname="com.country.state.GET.GETTestUsingCountryAndStates"/>
  <testcase name="getOneState" time="1.159" classname="com.country.state.GET.GETTestUsingCountryAndStates"/>
  <testcase name="getAllStates" time="2.450" classname="com.country.state.GET.GETTestUsingCountryAndStates"/>
</testsuite> <!-- com.country.state.GET.GETTestUsingCountryAndStates -->
