<?xml version="1.0" encoding="UTF-8"?>
<!-- Generated by org.testng.reporters.JUnitReportReporter -->
<testsuite skipped="0" hostname="BANL1591584af-RaviG.local" name="com.rest.employee.POST.POST_CREATE" tests="2" failures="0" timestamp="06 Dec 2017 07:04:38 GMT" time="0.986" errors="0">
  <testcase name="createDummyWithGET" time="0.892" classname="com.rest.employee.POST.POST_CREATE"/>
  <testcase name="createNewEmployee" time="0.094" classname="com.rest.employee.POST.POST_CREATE"/>
</testsuite> <!-- com.rest.employee.POST.POST_CREATE -->
