<?xml version="1.0" encoding="UTF-8"?>
<!-- Generated by org.testng.reporters.JUnitReportReporter -->
<testsuite skipped="0" hostname="BANL1591584af-RaviG.local" name="com.country.employee.POST.POST_CREATE" tests="2" failures="0" timestamp="06 Dec 2017 06:35:21 GMT" time="0.997" errors="0">
  <testcase name="createDummyWithGET" time="0.908" classname="com.country.employee.POST.POST_CREATE"/>
  <testcase name="createNewEmployee" time="0.089" classname="com.country.employee.POST.POST_CREATE"/>
</testsuite> <!-- com.country.employee.POST.POST_CREATE -->
