<?xml version="1.0" encoding="UTF-8"?>
<!-- Generated by org.testng.reporters.JUnitReportReporter -->
<testsuite skipped="0" hostname="BANL1591584af-RaviG" name="com.country.employee.POST.POST_CREATE" tests="2" failures="0" timestamp="06 Dec 2017 03:49:04 GMT" time="0.913" errors="0">
  <testcase name="createNewEmployee" time="0.058" classname="com.country.employee.POST.POST_CREATE"/>
  <testcase name="createDummyWithGET" time="0.855" classname="com.country.employee.POST.POST_CREATE"/>
</testsuite> <!-- com.country.employee.POST.POST_CREATE -->
